[debug] [2023-11-20T21:38:51.917Z] ----------------------------------------------------------------------
[debug] [2023-11-20T21:38:51.918Z] Command:       C:\Program Files\nodejs\node.exe C:\Users\Narek\AppData\Roaming\npm\node_modules\firebase-tools\lib\bin\firebase.js init
[debug] [2023-11-20T21:38:51.918Z] CLI Version:   12.9.1
[debug] [2023-11-20T21:38:51.918Z] Platform:      win32
[debug] [2023-11-20T21:38:51.918Z] Node Version:  v18.18.0
[debug] [2023-11-20T21:38:51.919Z] Time:          Tue Nov 21 2023 00:38:51 GMT+0300 (Москва, стандартное время)
[debug] [2023-11-20T21:38:51.919Z] ----------------------------------------------------------------------
[debug] 
[debug] [2023-11-20T21:38:51.922Z] > command requires scopes: ["email","openid","https://www.googleapis.com/auth/cloudplatformprojects.readonly","https://www.googleapis.com/auth/firebase","https://www.googleapis.com/auth/cloud-platform"]
[debug] [2023-11-20T21:38:51.922Z] > authorizing via signed-in user (narekkaravarichyan1910@gmail.com)
[info] 
     ######## #### ########  ######## ########     ###     ######  ########
     ##        ##  ##     ## ##       ##     ##  ##   ##  ##       ##
     ######    ##  ########  ######   ########  #########  ######  ######
     ##        ##  ##    ##  ##       ##     ## ##     ##       ## ##
     ##       #### ##     ## ######## ########  ##     ##  ######  ########

You're about to initialize a Firebase project in this directory:

  C:\Users\Narek\Desktop\my-react-app

[info] 
=== Project Setup
[info] 
[info] First, let's associate this project directory with a Firebase project.
[info] You can create multiple project aliases by running firebase use --add, 
[info] but for now we'll just set up a default project.
[info] 
[debug] [2023-11-20T21:39:53.359Z] >>> [apiv2][query] GET https://firebase.googleapis.com/v1beta1/projects pageSize=100
[debug] [2023-11-20T21:39:54.220Z] <<< [apiv2][status] GET https://firebase.googleapis.com/v1beta1/projects 200
[debug] [2023-11-20T21:39:54.220Z] <<< [apiv2][body] GET https://firebase.googleapis.com/v1beta1/projects [omitted]
[info] i  Using project myproject-9b33e (Myproject) 
[info] 
=== Hosting Setup
[debug] [2023-11-20T21:40:51.541Z] >>> [apiv2][query] GET https://firebase.googleapis.com/v1beta1/projects/myproject-9b33e [none]
[debug] [2023-11-20T21:40:51.965Z] <<< [apiv2][status] GET https://firebase.googleapis.com/v1beta1/projects/myproject-9b33e 200
[debug] [2023-11-20T21:40:51.965Z] <<< [apiv2][body] GET https://firebase.googleapis.com/v1beta1/projects/myproject-9b33e {"projectId":"myproject-9b33e","projectNumber":"701545987012","displayName":"Myproject","name":"projects/myproject-9b33e","resources":{"hostingSite":"myproject-9b33e"},"state":"ACTIVE","etag":"1_71a09725-6100-4ec8-85d1-2096adbc2449"}
[info] 
[info] Your public directory is the folder (relative to your project directory) that
[info] will contain Hosting assets to be uploaded with firebase deploy. If you
[info] have a build process for your assets, use your build's output directory.
[info] 
[debug] [2023-11-20T21:41:04.976Z] >>> [apiv2][query] GET https://www.gstatic.com/firebasejs/releases.json [none]
[debug] [2023-11-20T21:41:05.409Z] <<< [apiv2][status] GET https://www.gstatic.com/firebasejs/releases.json 200
[debug] [2023-11-20T21:41:05.410Z] <<< [apiv2][body] GET https://www.gstatic.com/firebasejs/releases.json {"current":{"version":"10.6.0","browserURL":"https://www.gstatic.com/firebasejs/10.6.0/firebase.js","packageURL":"https://www.gstatic.com/firebasejs/10.6.0/firebase.tgz"},"live":{"version":"10.6","browserURL":"https://www.gstatic.com/firebasejs/live/10.6/firebase.js","packageURL":"https://www.gstatic.com/firebasejs/live/10.6/firebase.tgz"},"components":{"analytics":"https://www.gstatic.com/firebasejs/10.6.0/firebase-analytics.js","app":"https://www.gstatic.com/firebasejs/10.6.0/firebase-app.js","app-check":"https://www.gstatic.com/firebasejs/10.6.0/firebase-app-check.js","auth":"https://www.gstatic.com/firebasejs/10.6.0/firebase-auth.js","auth/cordova":"https://www.gstatic.com/firebasejs/10.6.0/firebase-auth/cordova.js","functions":"https://www.gstatic.com/firebasejs/10.6.0/firebase-functions.js","firestore":"https://www.gstatic.com/firebasejs/10.6.0/firebase-firestore.js","firestore/lite":"https://www.gstatic.com/firebasejs/10.6.0/firebase-firestore/lite.js","installations":"https://www.gstatic.com/firebasejs/10.6.0/firebase-installations.js","storage":"https://www.gstatic.com/firebasejs/10.6.0/firebase-storage.js","performance":"https://www.gstatic.com/firebasejs/10.6.0/firebase-performance.js","remote-config":"https://www.gstatic.com/firebasejs/10.6.0/firebase-remote-config.js","messaging":"https://www.gstatic.com/firebasejs/10.6.0/firebase-messaging.js","messaging/sw":"https://www.gstatic.com/firebasejs/10.6.0/firebase-messaging/sw.js","database":"https://www.gstatic.com/firebasejs/10.6.0/firebase-database.js","firestore.memory":"https://www.gstatic.com/firebasejs/10.6.0/firebase-firestore.memory.js"}}
[info] +  Wrote y/index.html 
[info] 
[info] i  Detected a .git folder at C:\Users\Narek\Desktop\my-react-app 
[info] i  Authorizing with GitHub to upload your service account to a GitHub repository's secrets store. 
[info] 
[info] Visit this URL on this device to log in:
[info] https://github.com/login/oauth/authorize?client_id=89cf50f02ac6aaed3484&state=871398726&redirect_uri=http%3A%2F%2Flocalhost%3A9005&scope=read%3Auser%20repo%20public_repo
[info] 
[info] Waiting for authentication...
[debug] [2023-11-20T21:41:05.949Z] >>> [apiv2][query] POST https://github.com/login/oauth/access_token [none]
[debug] [2023-11-20T21:41:05.949Z] >>> [apiv2][body] POST https://github.com/login/oauth/access_token [stream]
[debug] [2023-11-20T21:41:06.454Z] <<< [apiv2][status] POST https://github.com/login/oauth/access_token 200
[debug] [2023-11-20T21:41:06.455Z] <<< [apiv2][body] POST https://github.com/login/oauth/access_token {"access_token":"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","token_type":"bearer","scope":"read:user,repo"}
[debug] [2023-11-20T21:41:06.458Z] >>> [apiv2][query] GET https://api.github.com/user [none]
[debug] [2023-11-20T21:41:06.919Z] <<< [apiv2][status] GET https://api.github.com/user 200
[debug] [2023-11-20T21:41:06.919Z] <<< [apiv2][body] GET https://api.github.com/user {"login":"Karavarichyan","id":90089572,"node_id":"MDQ6VXNlcjkwMDg5NTcy","avatar_url":"https://avatars.githubusercontent.com/u/90089572?v=4","gravatar_id":"","url":"https://api.github.com/users/Karavarichyan","html_url":"https://github.com/Karavarichyan","followers_url":"https://api.github.com/users/Karavarichyan/followers","following_url":"https://api.github.com/users/Karavarichyan/following{/other_user}","gists_url":"https://api.github.com/users/Karavarichyan/gists{/gist_id}","starred_url":"https://api.github.com/users/Karavarichyan/starred{/owner}{/repo}","subscriptions_url":"https://api.github.com/users/Karavarichyan/subscriptions","organizations_url":"https://api.github.com/users/Karavarichyan/orgs","repos_url":"https://api.github.com/users/Karavarichyan/repos","events_url":"https://api.github.com/users/Karavarichyan/events{/privacy}","received_events_url":"https://api.github.com/users/Karavarichyan/received_events","type":"User","site_admin":false,"name":null,"company":null,"blog":"","location":null,"email":null,"hireable":null,"bio":null,"twitter_username":null,"public_repos":13,"public_gists":0,"followers":0,"following":0,"created_at":"2021-09-04T08:57:02Z","updated_at":"2023-11-06T17:30:14Z","private_gists":0,"total_private_repos":3,"owned_private_repos":3,"disk_usage":139438,"collaborators":0,"two_factor_authentication":false,"plan":{"name":"free","space":976562499,"collaborators":0,"private_repos":10000}}
[info] 
[info] +  Success! Logged into GitHub as Karavarichyan 
[info] 
[debug] [2023-11-20T21:43:04.414Z] >>> [apiv2][query] GET https://api.github.com/repos/y/actions/secrets/public-key type=owner
[debug] [2023-11-20T21:43:04.725Z] <<< [apiv2][status] GET https://api.github.com/repos/y/actions/secrets/public-key 404
[debug] [2023-11-20T21:43:04.725Z] <<< [apiv2][body] GET https://api.github.com/repos/y/actions/secrets/public-key {"message":"Not Found","documentation_url":"https://docs.github.com/rest"}
[info] 
[info] 
[error] !  The provided authorization cannot be used with this repository. If this repository is in an organization, did you remember to grant access? 
[info] 
[info] i  Action required: Visit this URL to ensure access has been granted to the appropriate organization(s) for the Firebase CLI GitHub OAuth App: 
[info] https://github.com/settings/connections/applications/89cf50f02ac6aaed3484
[info] 
[debug] [2023-11-20T21:43:06.566Z] >>> [apiv2][query] GET https://api.github.com/repos/y/actions/secrets/public-key type=owner
[debug] [2023-11-20T21:43:06.882Z] <<< [apiv2][status] GET https://api.github.com/repos/y/actions/secrets/public-key 404
[debug] [2023-11-20T21:43:06.882Z] <<< [apiv2][body] GET https://api.github.com/repos/y/actions/secrets/public-key {"message":"Not Found","documentation_url":"https://docs.github.com/rest"}
[info] 
[info] 
[error] !  The provided authorization cannot be used with this repository. If this repository is in an organization, did you remember to grant access? 
[info] 
[info] i  Action required: Visit this URL to ensure access has been granted to the appropriate organization(s) for the Firebase CLI GitHub OAuth App: 
[info] https://github.com/settings/connections/applications/89cf50f02ac6aaed3484
[info] 
[debug] [2023-11-20T21:43:07.637Z] >>> [apiv2][query] GET https://api.github.com/repos/y/actions/secrets/public-key type=owner
[debug] [2023-11-20T21:43:08.965Z] <<< [apiv2][status] GET https://api.github.com/repos/y/actions/secrets/public-key 404
[debug] [2023-11-20T21:43:08.965Z] <<< [apiv2][body] GET https://api.github.com/repos/y/actions/secrets/public-key {"message":"Not Found","documentation_url":"https://docs.github.com/rest"}
[info] 
[info] 
[error] !  The provided authorization cannot be used with this repository. If this repository is in an organization, did you remember to grant access? 
[info] 
[info] i  Action required: Visit this URL to ensure access has been granted to the appropriate organization(s) for the Firebase CLI GitHub OAuth App: 
[info] https://github.com/settings/connections/applications/89cf50f02ac6aaed3484
[info] 
[debug] [2023-11-20T21:43:14.244Z] >>> [apiv2][query] GET https://api.github.com/repos/n/actions/secrets/public-key type=owner
[debug] [2023-11-20T21:43:14.549Z] <<< [apiv2][status] GET https://api.github.com/repos/n/actions/secrets/public-key 404
[debug] [2023-11-20T21:43:14.549Z] <<< [apiv2][body] GET https://api.github.com/repos/n/actions/secrets/public-key {"message":"Not Found","documentation_url":"https://docs.github.com/rest"}
[info] 
[info] 
[error] !  The provided authorization cannot be used with this repository. If this repository is in an organization, did you remember to grant access? 
[info] 
[info] i  Action required: Visit this URL to ensure access has been granted to the appropriate organization(s) for the Firebase CLI GitHub OAuth App: 
[info] https://github.com/settings/connections/applications/89cf50f02ac6aaed3484
[info] 
